This is XeTeX, Version 3.141592653-2.6-0.999993 (TeX Live 2021/Arch Linux) (preloaded format=xelatex 2021.11.25)  1 DEC 2021 19:48
entering extended mode
 restricted \write18 enabled.
 %&-line parsing enabled.
**clustered_ireland_map.log clustered_ireland_map.png clustered_ireland_map_wit
hout_names.png clustered_ireland_map.xcf compile.log compile.sh references.bib 
report.aux report.bbl report.blg report.log report.pdf report.tex watch.sh repo
rt.tex
(./clustered_ireland_map.log
LaTeX2e <2020-10-01> patch level 4
L3 programming layer <2021-02-18>)

! LaTeX Error: Missing \begin{document}.

See the LaTeX manual or LaTeX Companion for explanation.
Type  H <return>  for immediate help.
 ...                                              
                                                  
<*> clustered_ireland_map.log c
                               lustered_ireland_map.png clustered_ireland_ma...
 
Here is how much of TeX's memory you used:
 16 strings out of 476919
 486 string characters out of 5827673
 292912 words of memory out of 5000000
 20119 multiletter control sequences out of 15000+600000
 403430 words of font info for 27 fonts, out of 8000000 for 9000
 1348 hyphenation exceptions out of 8191
 12i,0n,15p,273b,14s stack positions out of 5000i,500n,10000p,200000b,80000s
No pages of output.
